<?xml version="1.0" encoding="UTF-8"?>
<!-- Generated by org.testng.reporters.JUnitXMLReporter -->
<testsuite hostname="DESKTOP-GDBLL9Q" ignored="3" name="Default test(failed)" tests="2" failures="0" timestamp="30 Mar 2023 03:58:13 GMT" time="0.105" errors="0">
  <testcase name="test2" time="0.032" classname="org.kkk.ManulCorrection"/>
  <testcase name="test4" time="0.0" classname="org.kkk.ManulCorrection"/>
  <testcase name="test1" time="0.0" classname="org.kkk.ManulCorrection">
    <ignored/>
  </testcase> <!-- test1 -->
  <testcase name="test5" time="0.0" classname="org.kkk.ManulCorrection">
    <ignored/>
  </testcase> <!-- test5 -->
  <testcase name="test3" time="0.0" classname="org.kkk.ManulCorrection">
    <ignored/>
  </testcase> <!-- test3 -->
</testsuite> <!-- Default test(failed) -->
