<?xml version="1.0" encoding="UTF-8"?>
<!-- Generated by org.testng.reporters.JUnitXMLReporter -->
<testsuite hostname="DESKTOP-GDBLL9Q" ignored="0" name="Test" tests="5" failures="1" timestamp="30 Mar 2023 03:42:29 GMT" time="0.184" errors="0">
  <testcase name="test1" time="0.016" classname="org.kkk.ManulCorrection"/>
  <testcase name="test2" time="0.0" classname="org.kkk.ManulCorrection"/>
  <testcase name="test3" time="0.016" classname="org.kkk.ManulCorrection"/>
  <testcase name="test4" time="0.0" classname="org.kkk.ManulCorrection">
    <failure type="java.lang.ArithmeticException" message="/ by zero">
      <![CDATA[java.lang.ArithmeticException: / by zero
	at org.kkk.ManulCorrection.test4(ManulCorrection.java:21)
... Removed 25 stack frames]]>
    </failure>
  </testcase> <!-- test4 -->
  <testcase name="test5" time="0.016" classname="org.kkk.ManulCorrection"/>
</testsuite> <!-- Test -->
